{"E:\\ck\\src\\tests\\unittest-demo\\appserver_sample\\test\\daotest\\userdao.test.js":{"path":"E:\\ck\\src\\tests\\unittest-demo\\appserver_sample\\test\\daotest\\userdao.test.js","s":{"1":1,"2":1,"3":1,"4":1,"5":1,"6":1,"7":1,"8":1,"9":1,"10":1,"11":1,"12":1,"13":1,"14":1,"15":1,"16":1,"17":1,"18":1,"19":1,"20":1},"b":{},"f":{"1":1,"2":1,"3":1,"4":1,"5":1,"6":1,"7":1,"8":1,"9":1,"10":1},"fnMap":{"1":{"name":"(anonymous_1)","line":5,"loc":{"start":{"line":5,"column":20},"end":{"line":5,"column":31}}},"2":{"name":"(anonymous_2)","line":7,"loc":{"start":{"line":7,"column":30},"end":{"line":7,"column":41}}},"3":{"name":"(anonymous_3)","line":8,"loc":{"start":{"line":8,"column":29},"end":{"line":8,"column":40}}},"4":{"name":"(anonymous_4)","line":12,"loc":{"start":{"line":12,"column":28},"end":{"line":12,"column":39}}},"5":{"name":"(anonymous_5)","line":16,"loc":{"start":{"line":16,"column":31},"end":{"line":16,"column":42}}},"6":{"name":"(anonymous_6)","line":20,"loc":{"start":{"line":20,"column":31},"end":{"line":20,"column":42}}},"7":{"name":"(anonymous_7)","line":25,"loc":{"start":{"line":25,"column":24},"end":{"line":25,"column":35}}},"8":{"name":"(anonymous_8)","line":26,"loc":{"start":{"line":26,"column":28},"end":{"line":26,"column":39}}},"9":{"name":"(anonymous_9)","line":30,"loc":{"start":{"line":30,"column":33},"end":{"line":30,"column":48}}},"10":{"name":"(anonymous_10)","line":32,"loc":{"start":{"line":32,"column":35},"end":{"line":32,"column":52}}}},"statementMap":{"1":{"start":{"line":1,"column":0},"end":{"line":1,"column":39}},"2":{"start":{"line":2,"column":0},"end":{"line":2,"column":31}},"3":{"start":{"line":3,"column":0},"end":{"line":3,"column":27}},"4":{"start":{"line":5,"column":0},"end":{"line":38,"column":3}},"5":{"start":{"line":7,"column":4},"end":{"line":23,"column":7}},"6":{"start":{"line":8,"column":8},"end":{"line":10,"column":11}},"7":{"start":{"line":9,"column":12},"end":{"line":9,"column":82}},"8":{"start":{"line":12,"column":8},"end":{"line":14,"column":11}},"9":{"start":{"line":13,"column":12},"end":{"line":13,"column":69}},"10":{"start":{"line":16,"column":8},"end":{"line":18,"column":11}},"11":{"start":{"line":17,"column":12},"end":{"line":17,"column":63}},"12":{"start":{"line":20,"column":8},"end":{"line":22,"column":11}},"13":{"start":{"line":21,"column":12},"end":{"line":21,"column":65}},"14":{"start":{"line":25,"column":4},"end":{"line":36,"column":7}},"15":{"start":{"line":26,"column":8},"end":{"line":28,"column":11}},"16":{"start":{"line":27,"column":12},"end":{"line":27,"column":76}},"17":{"start":{"line":30,"column":8},"end":{"line":35,"column":11}},"18":{"start":{"line":31,"column":12},"end":{"line":31,"column":32}},"19":{"start":{"line":32,"column":12},"end":{"line":34,"column":58}},"20":{"start":{"line":33,"column":16},"end":{"line":33,"column":23}}},"branchMap":{}}}