{"E:\\ck\\src\\tests\\unittest-demo\\appserver_sample\\test\\controllertest\\usercontroller_improved.test.js":{"path":"E:\\ck\\src\\tests\\unittest-demo\\appserver_sample\\test\\controllertest\\usercontroller_improved.test.js","s":{"1":1,"2":1,"3":1,"4":1,"5":1,"6":1,"7":1,"8":1,"9":3,"10":1,"11":1,"12":1,"13":1,"14":1,"15":1,"16":1,"17":1,"18":1,"19":3,"20":1,"21":1,"22":1,"23":1,"24":1,"25":1,"26":1,"27":1,"28":1},"b":{},"f":{"1":1,"2":1,"3":3,"4":1,"5":1,"6":1,"7":1,"8":1,"9":3,"10":1,"11":1,"12":1,"13":1,"14":1,"15":1},"fnMap":{"1":{"name":"(anonymous_1)","line":9,"loc":{"start":{"line":9,"column":27},"end":{"line":9,"column":39}}},"2":{"name":"(anonymous_2)","line":10,"loc":{"start":{"line":10,"column":30},"end":{"line":10,"column":42}}},"3":{"name":"(anonymous_3)","line":11,"loc":{"start":{"line":11,"column":19},"end":{"line":11,"column":31}}},"4":{"name":"(anonymous_4)","line":12,"loc":{"start":{"line":12,"column":41},"end":{"line":12,"column":53}}},"5":{"name":"(anonymous_5)","line":13,"loc":{"start":{"line":13,"column":35},"end":{"line":13,"column":62}}},"6":{"name":"(anonymous_6)","line":19,"loc":{"start":{"line":19,"column":29},"end":{"line":19,"column":41}}},"7":{"name":"(anonymous_7)","line":23,"loc":{"start":{"line":23,"column":31},"end":{"line":23,"column":43}}},"8":{"name":"(anonymous_8)","line":27,"loc":{"start":{"line":27,"column":31},"end":{"line":27,"column":43}}},"9":{"name":"(anonymous_9)","line":31,"loc":{"start":{"line":31,"column":18},"end":{"line":31,"column":30}}},"10":{"name":"(anonymous_10)","line":37,"loc":{"start":{"line":37,"column":30},"end":{"line":37,"column":42}}},"11":{"name":"(anonymous_11)","line":38,"loc":{"start":{"line":38,"column":15},"end":{"line":38,"column":27}}},"12":{"name":"(anonymous_12)","line":39,"loc":{"start":{"line":39,"column":41},"end":{"line":39,"column":53}}},"13":{"name":"(anonymous_13)","line":40,"loc":{"start":{"line":40,"column":35},"end":{"line":40,"column":62}}},"14":{"name":"(anonymous_14)","line":46,"loc":{"start":{"line":46,"column":28},"end":{"line":46,"column":40}}},"15":{"name":"(anonymous_15)","line":49,"loc":{"start":{"line":49,"column":14},"end":{"line":49,"column":26}}}},"statementMap":{"1":{"start":{"line":1,"column":0},"end":{"line":1,"column":64}},"2":{"start":{"line":2,"column":0},"end":{"line":2,"column":43}},"3":{"start":{"line":3,"column":0},"end":{"line":3,"column":31}},"4":{"start":{"line":4,"column":0},"end":{"line":4,"column":25}},"5":{"start":{"line":6,"column":0},"end":{"line":6,"column":34}},"6":{"start":{"line":9,"column":0},"end":{"line":53,"column":3}},"7":{"start":{"line":10,"column":4},"end":{"line":35,"column":7}},"8":{"start":{"line":11,"column":8},"end":{"line":17,"column":11}},"9":{"start":{"line":12,"column":12},"end":{"line":16,"column":15}},"10":{"start":{"line":13,"column":16},"end":{"line":15,"column":18}},"11":{"start":{"line":14,"column":20},"end":{"line":14,"column":52}},"12":{"start":{"line":19,"column":8},"end":{"line":21,"column":11}},"13":{"start":{"line":20,"column":12},"end":{"line":20,"column":93}},"14":{"start":{"line":23,"column":8},"end":{"line":25,"column":11}},"15":{"start":{"line":24,"column":12},"end":{"line":24,"column":72}},"16":{"start":{"line":27,"column":8},"end":{"line":29,"column":11}},"17":{"start":{"line":28,"column":12},"end":{"line":28,"column":74}},"18":{"start":{"line":31,"column":8},"end":{"line":33,"column":11}},"19":{"start":{"line":32,"column":12},"end":{"line":32,"column":26}},"20":{"start":{"line":37,"column":4},"end":{"line":52,"column":7}},"21":{"start":{"line":38,"column":8},"end":{"line":44,"column":11}},"22":{"start":{"line":39,"column":12},"end":{"line":43,"column":15}},"23":{"start":{"line":40,"column":16},"end":{"line":42,"column":18}},"24":{"start":{"line":41,"column":20},"end":{"line":41,"column":33}},"25":{"start":{"line":46,"column":8},"end":{"line":48,"column":11}},"26":{"start":{"line":47,"column":12},"end":{"line":47,"column":80}},"27":{"start":{"line":49,"column":8},"end":{"line":51,"column":11}},"28":{"start":{"line":50,"column":12},"end":{"line":50,"column":26}}},"branchMap":{}},"E:\\ck\\src\\tests\\unittest-demo\\appserver_sample\\test\\controllertest\\usercontroller.test.js":{"path":"E:\\ck\\src\\tests\\unittest-demo\\appserver_sample\\test\\controllertest\\usercontroller.test.js","s":{"1":1,"2":1,"3":1,"4":1,"5":1,"6":1,"7":1,"8":1,"9":1,"10":1,"11":1,"12":1,"13":1,"14":1,"15":1,"16":1,"17":1,"18":1,"19":1,"20":1,"21":1,"22":1,"23":1,"24":1,"25":1,"26":1,"27":1,"28":0,"29":0,"30":1,"31":1,"32":1,"33":1,"34":1,"35":1,"36":1,"37":0,"38":0,"39":1,"40":1,"41":1,"42":1},"b":{},"f":{"1":1,"2":1,"3":1,"4":1,"5":1,"6":1,"7":1,"8":1,"9":1,"10":1,"11":1,"12":1,"13":1,"14":1,"15":1,"16":0,"17":0,"18":1,"19":1,"20":1,"21":1,"22":0,"23":0,"24":1,"25":1},"fnMap":{"1":{"name":"(anonymous_1)","line":9,"loc":{"start":{"line":9,"column":27},"end":{"line":9,"column":39}}},"2":{"name":"(anonymous_2)","line":10,"loc":{"start":{"line":10,"column":30},"end":{"line":10,"column":42}}},"3":{"name":"(anonymous_3)","line":11,"loc":{"start":{"line":11,"column":15},"end":{"line":11,"column":27}}},"4":{"name":"(anonymous_4)","line":12,"loc":{"start":{"line":12,"column":41},"end":{"line":12,"column":53}}},"5":{"name":"(anonymous_5)","line":13,"loc":{"start":{"line":13,"column":35},"end":{"line":13,"column":62}}},"6":{"name":"(anonymous_6)","line":19,"loc":{"start":{"line":19,"column":29},"end":{"line":19,"column":41}}},"7":{"name":"(anonymous_7)","line":22,"loc":{"start":{"line":22,"column":14},"end":{"line":22,"column":26}}},"8":{"name":"(anonymous_8)","line":28,"loc":{"start":{"line":28,"column":30},"end":{"line":28,"column":42}}},"9":{"name":"(anonymous_9)","line":29,"loc":{"start":{"line":29,"column":15},"end":{"line":29,"column":27}}},"10":{"name":"(anonymous_10)","line":30,"loc":{"start":{"line":30,"column":41},"end":{"line":30,"column":53}}},"11":{"name":"(anonymous_11)","line":31,"loc":{"start":{"line":31,"column":35},"end":{"line":31,"column":62}}},"12":{"name":"(anonymous_12)","line":37,"loc":{"start":{"line":37,"column":28},"end":{"line":37,"column":40}}},"13":{"name":"(anonymous_13)","line":40,"loc":{"start":{"line":40,"column":14},"end":{"line":40,"column":26}}},"14":{"name":"(anonymous_14)","line":45,"loc":{"start":{"line":45,"column":30},"end":{"line":45,"column":42}}},"15":{"name":"(anonymous_15)","line":46,"loc":{"start":{"line":46,"column":15},"end":{"line":46,"column":27}}},"16":{"name":"(anonymous_16)","line":47,"loc":{"start":{"line":47,"column":41},"end":{"line":47,"column":53}}},"17":{"name":"(anonymous_17)","line":48,"loc":{"start":{"line":48,"column":35},"end":{"line":48,"column":62}}},"18":{"name":"(anonymous_18)","line":54,"loc":{"start":{"line":54,"column":31},"end":{"line":54,"column":43}}},"19":{"name":"(anonymous_19)","line":57,"loc":{"start":{"line":57,"column":14},"end":{"line":57,"column":26}}},"20":{"name":"(anonymous_20)","line":62,"loc":{"start":{"line":62,"column":30},"end":{"line":62,"column":42}}},"21":{"name":"(anonymous_21)","line":63,"loc":{"start":{"line":63,"column":15},"end":{"line":63,"column":27}}},"22":{"name":"(anonymous_22)","line":64,"loc":{"start":{"line":64,"column":41},"end":{"line":64,"column":53}}},"23":{"name":"(anonymous_23)","line":65,"loc":{"start":{"line":65,"column":35},"end":{"line":65,"column":62}}},"24":{"name":"(anonymous_24)","line":71,"loc":{"start":{"line":71,"column":31},"end":{"line":71,"column":43}}},"25":{"name":"(anonymous_25)","line":74,"loc":{"start":{"line":74,"column":14},"end":{"line":74,"column":26}}}},"statementMap":{"1":{"start":{"line":1,"column":0},"end":{"line":1,"column":64}},"2":{"start":{"line":2,"column":0},"end":{"line":2,"column":43}},"3":{"start":{"line":3,"column":0},"end":{"line":3,"column":31}},"4":{"start":{"line":4,"column":0},"end":{"line":4,"column":25}},"5":{"start":{"line":6,"column":0},"end":{"line":6,"column":34}},"6":{"start":{"line":9,"column":0},"end":{"line":79,"column":3}},"7":{"start":{"line":10,"column":4},"end":{"line":26,"column":7}},"8":{"start":{"line":11,"column":8},"end":{"line":17,"column":11}},"9":{"start":{"line":12,"column":12},"end":{"line":16,"column":15}},"10":{"start":{"line":13,"column":16},"end":{"line":15,"column":18}},"11":{"start":{"line":14,"column":20},"end":{"line":14,"column":52}},"12":{"start":{"line":19,"column":8},"end":{"line":21,"column":11}},"13":{"start":{"line":20,"column":12},"end":{"line":20,"column":93}},"14":{"start":{"line":22,"column":8},"end":{"line":24,"column":11}},"15":{"start":{"line":23,"column":12},"end":{"line":23,"column":26}},"16":{"start":{"line":28,"column":4},"end":{"line":43,"column":7}},"17":{"start":{"line":29,"column":8},"end":{"line":35,"column":11}},"18":{"start":{"line":30,"column":12},"end":{"line":34,"column":15}},"19":{"start":{"line":31,"column":16},"end":{"line":33,"column":18}},"20":{"start":{"line":32,"column":20},"end":{"line":32,"column":33}},"21":{"start":{"line":37,"column":8},"end":{"line":39,"column":11}},"22":{"start":{"line":38,"column":12},"end":{"line":38,"column":80}},"23":{"start":{"line":40,"column":8},"end":{"line":42,"column":11}},"24":{"start":{"line":41,"column":12},"end":{"line":41,"column":26}},"25":{"start":{"line":45,"column":4},"end":{"line":60,"column":7}},"26":{"start":{"line":46,"column":8},"end":{"line":52,"column":11}},"27":{"start":{"line":47,"column":12},"end":{"line":51,"column":15}},"28":{"start":{"line":48,"column":16},"end":{"line":50,"column":18}},"29":{"start":{"line":49,"column":20},"end":{"line":49,"column":47}},"30":{"start":{"line":54,"column":8},"end":{"line":56,"column":11}},"31":{"start":{"line":55,"column":12},"end":{"line":55,"column":72}},"32":{"start":{"line":57,"column":8},"end":{"line":59,"column":11}},"33":{"start":{"line":58,"column":12},"end":{"line":58,"column":26}},"34":{"start":{"line":62,"column":4},"end":{"line":77,"column":7}},"35":{"start":{"line":63,"column":8},"end":{"line":69,"column":11}},"36":{"start":{"line":64,"column":12},"end":{"line":68,"column":15}},"37":{"start":{"line":65,"column":16},"end":{"line":67,"column":18}},"38":{"start":{"line":66,"column":20},"end":{"line":66,"column":47}},"39":{"start":{"line":71,"column":8},"end":{"line":73,"column":11}},"40":{"start":{"line":72,"column":12},"end":{"line":72,"column":74}},"41":{"start":{"line":74,"column":8},"end":{"line":76,"column":11}},"42":{"start":{"line":75,"column":12},"end":{"line":75,"column":26}}},"branchMap":{}},"E:\\ck\\src\\tests\\unittest-demo\\appserver_sample\\test\\daotest\\userdao.test.js":{"path":"E:\\ck\\src\\tests\\unittest-demo\\appserver_sample\\test\\daotest\\userdao.test.js","s":{"1":1,"2":1,"3":1,"4":1,"5":1,"6":1,"7":1,"8":1,"9":1,"10":1,"11":1,"12":1,"13":1,"14":1,"15":1,"16":1,"17":1,"18":1,"19":1},"b":{},"f":{"1":1,"2":1,"3":1,"4":1,"5":1,"6":1,"7":1,"8":1,"9":1,"10":1},"fnMap":{"1":{"name":"(anonymous_1)","line":4,"loc":{"start":{"line":4,"column":20},"end":{"line":4,"column":31}}},"2":{"name":"(anonymous_2)","line":5,"loc":{"start":{"line":5,"column":30},"end":{"line":5,"column":41}}},"3":{"name":"(anonymous_3)","line":6,"loc":{"start":{"line":6,"column":29},"end":{"line":6,"column":40}}},"4":{"name":"(anonymous_4)","line":10,"loc":{"start":{"line":10,"column":28},"end":{"line":10,"column":39}}},"5":{"name":"(anonymous_5)","line":14,"loc":{"start":{"line":14,"column":31},"end":{"line":14,"column":42}}},"6":{"name":"(anonymous_6)","line":18,"loc":{"start":{"line":18,"column":31},"end":{"line":18,"column":42}}},"7":{"name":"(anonymous_7)","line":23,"loc":{"start":{"line":23,"column":24},"end":{"line":23,"column":35}}},"8":{"name":"(anonymous_8)","line":24,"loc":{"start":{"line":24,"column":28},"end":{"line":24,"column":39}}},"9":{"name":"(anonymous_9)","line":28,"loc":{"start":{"line":28,"column":33},"end":{"line":28,"column":48}}},"10":{"name":"(anonymous_10)","line":30,"loc":{"start":{"line":30,"column":35},"end":{"line":30,"column":52}}}},"statementMap":{"1":{"start":{"line":1,"column":0},"end":{"line":1,"column":39}},"2":{"start":{"line":2,"column":0},"end":{"line":2,"column":31}},"3":{"start":{"line":4,"column":0},"end":{"line":36,"column":3}},"4":{"start":{"line":5,"column":4},"end":{"line":21,"column":7}},"5":{"start":{"line":6,"column":8},"end":{"line":8,"column":11}},"6":{"start":{"line":7,"column":12},"end":{"line":7,"column":82}},"7":{"start":{"line":10,"column":8},"end":{"line":12,"column":11}},"8":{"start":{"line":11,"column":12},"end":{"line":11,"column":69}},"9":{"start":{"line":14,"column":8},"end":{"line":16,"column":11}},"10":{"start":{"line":15,"column":12},"end":{"line":15,"column":63}},"11":{"start":{"line":18,"column":8},"end":{"line":20,"column":11}},"12":{"start":{"line":19,"column":12},"end":{"line":19,"column":65}},"13":{"start":{"line":23,"column":4},"end":{"line":34,"column":7}},"14":{"start":{"line":24,"column":8},"end":{"line":26,"column":11}},"15":{"start":{"line":25,"column":12},"end":{"line":25,"column":76}},"16":{"start":{"line":28,"column":8},"end":{"line":33,"column":11}},"17":{"start":{"line":29,"column":12},"end":{"line":29,"column":32}},"18":{"start":{"line":30,"column":12},"end":{"line":32,"column":58}},"19":{"start":{"line":31,"column":16},"end":{"line":31,"column":23}}},"branchMap":{}}}